Traceback (most recent call last):
  File "C:\laragon\www\ppw-1\venv\lib\site-packages\jupyter_cache\executors\utils.py", line 58, in single_nb_execution
    executenb(
  File "C:\laragon\www\ppw-1\venv\lib\site-packages\nbclient\client.py", line 1305, in execute
    return NotebookClient(nb=nb, resources=resources, km=km, **kwargs).execute()
  File "C:\laragon\www\ppw-1\venv\lib\site-packages\jupyter_core\utils\__init__.py", line 165, in wrapped
    return loop.run_until_complete(inner)
  File "C:\laragon\bin\python\python-3.10\lib\asyncio\base_events.py", line 646, in run_until_complete
    return future.result()
  File "C:\laragon\www\ppw-1\venv\lib\site-packages\nbclient\client.py", line 705, in async_execute
    await self.async_execute_cell(
  File "C:\laragon\www\ppw-1\venv\lib\site-packages\nbclient\client.py", line 1058, in async_execute_cell
    await self._check_raise_for_error(cell, cell_index, exec_reply)
  File "C:\laragon\www\ppw-1\venv\lib\site-packages\nbclient\client.py", line 914, in _check_raise_for_error
    raise CellExecutionError.from_cell_and_msg(cell, exec_reply_content)
nbclient.exceptions.CellExecutionError: An error occurred while executing the following cell:
------------------
!pip install builtwith
!pip install requests
!pip install beautifulsoup4
import requests
from bs4 import BeautifulSoup
import pandas as pd
------------------

----- stdout -----
Requirement already satisfied: builtwith in c:\laragon\www\ppw-1\venv\lib\site-packages (1.3.4)
Requirement already satisfied: six in c:\laragon\www\ppw-1\venv\lib\site-packages (from builtwith) (1.17.0)
----- stderr -----

[notice] A new release of pip available: 22.2.1 -> 25.3
[notice] To update, run: python.exe -m pip install --upgrade pip
----- stdout -----
Requirement already satisfied: requests in c:\laragon\www\ppw-1\venv\lib\site-packages (2.32.5)
Requirement already satisfied: charset_normalizer<4,>=2 in c:\laragon\www\ppw-1\venv\lib\site-packages (from requests) (3.4.4)
Requirement already satisfied: urllib3<3,>=1.21.1 in c:\laragon\www\ppw-1\venv\lib\site-packages (from requests) (2.5.0)
Requirement already satisfied: certifi>=2017.4.17 in c:\laragon\www\ppw-1\venv\lib\site-packages (from requests) (2025.11.12)
Requirement already satisfied: idna<4,>=2.5 in c:\laragon\www\ppw-1\venv\lib\site-packages (from requests) (3.11)
----- stderr -----

[notice] A new release of pip available: 22.2.1 -> 25.3
[notice] To update, run: python.exe -m pip install --upgrade pip
----- stderr -----

[notice] A new release of pip available: 22.2.1 -> 25.3
[notice] To update, run: python.exe -m pip install --upgrade pip
----- stdout -----
Requirement already satisfied: beautifulsoup4 in c:\laragon\www\ppw-1\venv\lib\site-packages (4.14.2)
Requirement already satisfied: soupsieve>1.2 in c:\laragon\www\ppw-1\venv\lib\site-packages (from beautifulsoup4) (2.8)
Requirement already satisfied: typing-extensions>=4.0.0 in c:\laragon\www\ppw-1\venv\lib\site-packages (from beautifulsoup4) (4.15.0)
------------------

[1;31m---------------------------------------------------------------------------[0m
[1;31mModuleNotFoundError[0m                       Traceback (most recent call last)
Cell [1;32mIn[1], line 6[0m
[0;32m      4[0m [38;5;28;01mimport[39;00m[38;5;250m [39m[38;5;21;01mrequests[39;00m
[0;32m      5[0m [38;5;28;01mfrom[39;00m[38;5;250m [39m[38;5;21;01mbs4[39;00m[38;5;250m [39m[38;5;28;01mimport[39;00m BeautifulSoup
[1;32m----> 6[0m [38;5;28;01mimport[39;00m[38;5;250m [39m[38;5;21;01mpandas[39;00m[38;5;250m [39m[38;5;28;01mas[39;00m[38;5;250m [39m[38;5;21;01mpd[39;00m

[1;31mModuleNotFoundError[0m: No module named 'pandas'

