Traceback (most recent call last):
  File "C:\laragon\www\ppw-1\venv\lib\site-packages\jupyter_cache\executors\utils.py", line 58, in single_nb_execution
    executenb(
  File "C:\laragon\www\ppw-1\venv\lib\site-packages\nbclient\client.py", line 1305, in execute
    return NotebookClient(nb=nb, resources=resources, km=km, **kwargs).execute()
  File "C:\laragon\www\ppw-1\venv\lib\site-packages\jupyter_core\utils\__init__.py", line 165, in wrapped
    return loop.run_until_complete(inner)
  File "C:\laragon\bin\python\python-3.10\lib\asyncio\base_events.py", line 646, in run_until_complete
    return future.result()
  File "C:\laragon\www\ppw-1\venv\lib\site-packages\nbclient\client.py", line 705, in async_execute
    await self.async_execute_cell(
  File "C:\laragon\www\ppw-1\venv\lib\site-packages\nbclient\client.py", line 1058, in async_execute_cell
    await self._check_raise_for_error(cell, cell_index, exec_reply)
  File "C:\laragon\www\ppw-1\venv\lib\site-packages\nbclient\client.py", line 914, in _check_raise_for_error
    raise CellExecutionError.from_cell_and_msg(cell, exec_reply_content)
nbclient.exceptions.CellExecutionError: An error occurred while executing the following cell:
------------------
## FASE 1: SETUP DAN PEMUATAN DATA

# Import library dasar
import pandas as pd
import numpy as np
import re
import time
import re
import string

# Import untuk Preprocessing
from bs4 import BeautifulSoup
import nltk
nltk.download('punkt')
nltk.download('punkt_tab')
from nltk.tokenize import word_tokenize
from nltk.corpus import stopwords
nltk.download('stopwords')
from Sastrawi.Stemmer.StemmerFactory import StemmerFactory
from ast import literal_eval # Untuk mengubah string '[...]' menjadi list

# Import untuk LDA & Koherensi
import gensim
from gensim.corpora import Dictionary
from gensim.models import LdaMulticore, CoherenceModel, HdpModel

# Import untuk Klasifikasi & Evaluasi
from sklearn.model_selection import train_test_split
from sklearn.svm import SVC
from sklearn.metrics import classification_report, accuracy_score

# Import untuk Visualisasi
import matplotlib.pyplot as plt
from sklearn.preprocessing import StandardScaler
from matplotlib import cm
import umap.umap_ as umap
------------------


[1;31m---------------------------------------------------------------------------[0m
[1;31mModuleNotFoundError[0m                       Traceback (most recent call last)
Cell [1;32mIn[2], line 4[0m
[0;32m      1[0m [38;5;66;03m## FASE 1: SETUP DAN PEMUATAN DATA[39;00m
[0;32m      2[0m 
[0;32m      3[0m [38;5;66;03m# Import library dasar[39;00m
[1;32m----> 4[0m [38;5;28;01mimport[39;00m[38;5;250m [39m[38;5;21;01mpandas[39;00m[38;5;250m [39m[38;5;28;01mas[39;00m[38;5;250m [39m[38;5;21;01mpd[39;00m
[0;32m      5[0m [38;5;28;01mimport[39;00m[38;5;250m [39m[38;5;21;01mnumpy[39;00m[38;5;250m [39m[38;5;28;01mas[39;00m[38;5;250m [39m[38;5;21;01mnp[39;00m
[0;32m      6[0m [38;5;28;01mimport[39;00m[38;5;250m [39m[38;5;21;01mre[39;00m

[1;31mModuleNotFoundError[0m: No module named 'pandas'

